0  0  0  0  0  0  0  0  0  0  
0  1  2  3  4  5  6  7  8  9  
0  2  4  6  8  10  12  14  16  18  
0  3  6  9  12  15  18  21  24  27  
0  4  8  12  16  20  24  28  32  36  
0  5  10  15  20  25  30  35  40  45  
0  6  12  18  24  30  36  42  48  54  
0  7  14  21  28  35  42  49  56  63  
0  8  16  24  32  40  48  56  64  72  
0  9  18  27  36  45  54  63  72  81  
100  100  100  100  100  100  100  100  100  100  
100  101  102  103  104  105  106  107  108  109  
100  102  104  106  108  110  112  114  116  118  
100  103  106  109  112  115  118  121  124  127  
100  104  108  112  116  120  124  128  132  136  
100  105  110  115  120  125  130  135  140  145  
100  106  112  118  124  130  136  142  148  154  
100  107  114  121  128  135  142  149  156  163  
100  108  116  124  132  140  148  156  164  172  
100  109  118  127  136  145  154  163  172  181  
